
[teste.MontarImpressao] - [2018-03-15] - Error  : O conteúdo não é permitido no prólogo.
[teste.MontarImpressao] - [2018-03-15] - Error  : O conteúdo não é permitido no prólogo.
[teste.MontarImpressao] - [2018-03-15] - Error  : O conteúdo não é permitido no prólogo.
[teste.MontarImpressao] - [2018-03-15] - Error  : O conteúdo não é permitido no prólogo.
[teste.MontarImpressao] - [2018-03-15] - Error  : O conteúdo não é permitido no prólogo.
[teste.MontarImpressao] - [2018-03-15] - Error  : O conteúdo não é permitido no prólogo.
[teste.MontarImpressao] - [2018-03-15] - Error  : O conteúdo não é permitido no prólogo.
[teste.MontarImpressao] - [2018-03-15] - Error  : O conteúdo não é permitido no prólogo.
[teste.MontarImpressao] - [2018-03-15] - Error  : O conteúdo não é permitido no prólogo.
[teste.MontarImpressao] - [2018-03-15] - Error  : O conteúdo não é permitido no prólogo.
[teste.MontarImpressao] - [2018-03-15] - Error  : O conteúdo não é permitido no prólogo.
[teste.MontarImpressao] - [2018-03-15] - Error  : O conteúdo não é permitido no prólogo.
[teste.MontarImpressao] - [2018-03-15] - Error  : O conteúdo não é permitido no prólogo.
[teste.MontarImpressao] - [2018-03-15] - Error  : O conteúdo não é permitido no prólogo.
[teste.MontarImpressao] - [2018-03-15] - Error  : O conteúdo não é permitido no prólogo.
[teste.MontarImpressao] - [2018-03-15] - Error  : O conteúdo não é permitido no prólogo.
[teste.MontarImpressao] - [2018-03-15] - Error  : O conteúdo não é permitido no prólogo.
[teste.MontarImpressao] - [2018-03-15] - Error  : O conteúdo não é permitido no prólogo.
[teste.MontarImpressao] - [2018-03-15] - Error  : O conteúdo não é permitido no prólogo.
[teste.MontarImpressao] - [2018-03-15] - Error  : O conteúdo não é permitido no prólogo.
[teste.MontarImpressao] - [2018-03-15] - Error  : O conteúdo não é permitido no prólogo.
[teste.MontarImpressao] - [2018-03-15] - Error  : O conteúdo não é permitido no prólogo.
[teste.MontarImpressao] - [2018-03-15] - Error  : O conteúdo não é permitido no prólogo.
[teste.MontarImpressao] - [2018-03-15] - Error  : O conteúdo não é permitido no prólogo.
[teste.MontarImpressao] - [2018-03-15] - Error  : O conteúdo não é permitido no prólogo.
[teste.MontarImpressao] - [2018-03-15] - Error  : O conteúdo não é permitido no prólogo.
[teste.MontarImpressao] - [2018-03-15] - Error  : O conteúdo não é permitido no prólogo.
[teste.MontarImpressao] - [2018-03-15] - Error  : O conteúdo não é permitido no prólogo.
[teste.MontarImpressao] - [2018-03-15] - Error  : O conteúdo não é permitido no prólogo.
[teste.MontarImpressao] - [2018-03-15] - Error  : O conteúdo não é permitido no prólogo.
[teste.MontarImpressao] - [2018-03-15] - Error  : O conteúdo não é permitido no prólogo.
[teste.MontarImpressao] - [2018-03-15] - Error  : O conteúdo não é permitido no prólogo.
[teste.MontarImpressao] - [2018-03-15] - Error  : O conteúdo não é permitido no prólogo.
[teste.MontarImpressao] - [2018-03-15] - Error  : O conteúdo não é permitido no prólogo.
[teste.MontarImpressao] - [2018-03-15] - Error  : O conteúdo não é permitido no prólogo.
[teste.MontarImpressao] - [2018-03-15] - Error  : O conteúdo não é permitido no prólogo.
[teste.MontarImpressao] - [2018-03-15] - Error  : O conteúdo não é permitido no prólogo.
[teste.MontarImpressao] - [2018-03-15] - Error  : O conteúdo não é permitido no prólogo.
[teste.MontarImpressao] - [2018-03-15] - Error  : O conteúdo não é permitido no prólogo.
[teste.MontarImpressao] - [2018-03-15] - Error  : O conteúdo não é permitido no prólogo.
[teste.MontarImpressao] - [2018-03-15] - Error  : O conteúdo não é permitido no prólogo.
[teste.MontarImpressao] - [2018-03-15] - Error  : O conteúdo não é permitido no prólogo.
[teste.MontarImpressao] - [2018-03-15] - Error  : O conteúdo não é permitido no prólogo.
[teste.MontarImpressao] - [2018-03-15] - Error  : O conteúdo não é permitido no prólogo.
[teste.MontarImpressao] - [2018-03-15] - Error  : O conteúdo não é permitido no prólogo.
[teste.MontarImpressao] - [2018-03-15] - Error  : O conteúdo não é permitido no prólogo.
[teste.MontarImpressao] - [2018-03-15] - Error  : O conteúdo não é permitido no prólogo.
[teste.MontarImpressao] - [2018-03-15] - Error  : O conteúdo não é permitido no prólogo.
[teste.MontarImpressao] - [2018-03-15] - Error  : O conteúdo não é permitido no prólogo.
[teste.MontarImpressao] - [2018-03-15] - Error  : O conteúdo não é permitido no prólogo.
[teste.MontarImpressao] - [2018-03-15] - Error  : O conteúdo não é permitido no prólogo.
[teste.MontarImpressao] - [2018-03-15] - Error  : O conteúdo não é permitido no prólogo.
[teste.MontarImpressao] - [2018-03-15] - Error  : O conteúdo não é permitido no prólogo.
[teste.MontarImpressao] - [2018-03-15] - Error  : O conteúdo não é permitido no prólogo.
[teste.MontarImpressao] - [2018-03-15] - Error  : O conteúdo não é permitido no prólogo.
[teste.MontarImpressao] - [2018-03-15] - Error  : O conteúdo não é permitido no prólogo.
[teste.MontarImpressao] - [2018-03-15] - Error  : O conteúdo não é permitido no prólogo.
[teste.MontarImpressao] - [2018-03-15] - Error  : O conteúdo não é permitido no prólogo.
[teste.MontarImpressao] - [2018-03-15] - Error  : O conteúdo não é permitido no prólogo.
[teste.MontarImpressao] - [2018-03-15] - Error  : O conteúdo não é permitido no prólogo.
[teste.MontarImpressao] - [2018-03-15] - Error  : O conteúdo não é permitido no prólogo.
[teste.MontarImpressao] - [2018-03-15] - Error  : O conteúdo não é permitido no prólogo.
[teste.MontarImpressao] - [2018-03-15] - Error  : O conteúdo não é permitido no prólogo.
[teste.MontarImpressao] - [2018-03-15] - Error  : O conteúdo não é permitido no prólogo.
[teste.MontarImpressao] - [2018-03-15] - Error  : O conteúdo não é permitido no prólogo.
[teste.MontarImpressao] - [2018-03-15] - Error  : O conteúdo não é permitido no prólogo.
[teste.MontarImpressao] - [2018-03-15] - Error  : O conteúdo não é permitido no prólogo.
[teste.MontarImpressao] - [2018-03-15] - Error  : O conteúdo não é permitido no prólogo.
[teste.MontarImpressao] - [2018-03-15] - Error  : O conteúdo não é permitido no prólogo.
[teste.MontarImpressao] - [2018-03-15] - Error  : O conteúdo não é permitido no prólogo.
[teste.MontarImpressao] - [2018-03-15] - Error  : O conteúdo não é permitido no prólogo.
[teste.MontarImpressao] - [2018-03-15] - Error  : O conteúdo não é permitido no prólogo.
[teste.MontarImpressao] - [2018-03-15] - Error  : O conteúdo não é permitido no prólogo.
[teste.MontarImpressao] - [2018-03-15] - Error  : O conteúdo não é permitido no prólogo.
[teste.MontarImpressao] - [2018-03-15] - Error  : O conteúdo não é permitido no prólogo.
[teste.MontarImpressao] - [2018-03-15] - Error  : O conteúdo não é permitido no prólogo.
[teste.MontarImpressao] - [2018-03-15] - Error  : O conteúdo não é permitido no prólogo.
[teste.MontarImpressao] - [2018-03-15] - Error  : O conteúdo não é permitido no prólogo.
[teste.MontarImpressao] - [2018-03-15] - Error  : O conteúdo não é permitido no prólogo.
[teste.MontarImpressao] - [2018-03-15] - Error  : O conteúdo não é permitido no prólogo.
[teste.MontarImpressao] - [2018-03-15] - Error  : O conteúdo não é permitido no prólogo.
[teste.MontarImpressao] - [2018-03-15] - Error  : O conteúdo não é permitido no prólogo.
[teste.MontarImpressao] - [2018-03-15] - Error  : O conteúdo não é permitido no prólogo.
[teste.MontarImpressao] - [2018-03-15] - Error  : O conteúdo não é permitido no prólogo.
[teste.MontarImpressao] - [2018-03-15] - Error  : O conteúdo não é permitido no prólogo.
[teste.MontarImpressao] - [2018-03-15] - Error  : O conteúdo não é permitido no prólogo.
[teste.MontarImpressao] - [2018-03-15] - Error  : O conteúdo não é permitido no prólogo.
[teste.MontarImpressao] - [2018-03-15] - Error  : O conteúdo não é permitido no prólogo.
[teste.MontarImpressao] - [2018-03-15] - Error  : O conteúdo não é permitido no prólogo.
[teste.MontarImpressao] - [2018-03-15] - Error  : O conteúdo não é permitido no prólogo.
[teste.MontarImpressao] - [2018-03-15] - Error  : O conteúdo não é permitido no prólogo.
[teste.MontarImpressao] - [2018-03-15] - Error  : O conteúdo não é permitido no prólogo.
[teste.MontarImpressao] - [2018-03-15] - Error  : O conteúdo não é permitido no prólogo.
[teste.MontarImpressao] - [2018-03-15] - Error  : O conteúdo não é permitido no prólogo.
[teste.MontarImpressao] - [2018-03-15] - Error  : O conteúdo não é permitido no prólogo.
[teste.MontarImpressao] - [2018-03-15] - Error  : O conteúdo não é permitido no prólogo.
[teste.MontarImpressao] - [2018-03-15] - Error  : O conteúdo não é permitido no prólogo.
[teste.MontarImpressao] - [2018-03-15] - Error  : O conteúdo não é permitido no prólogo.
[teste.MontarImpressao] - [2018-03-15] - Error  : O conteúdo não é permitido no prólogo.
[teste.MontarImpressao] - [2018-03-15] - Error  : O conteúdo não é permitido no prólogo.
[teste.MontarImpressao] - [2018-03-15] - Error  : O conteúdo não é permitido no prólogo.
[teste.MontarImpressao] - [2018-03-15] - Error  : O conteúdo não é permitido no prólogo.
[teste.MontarImpressao] - [2018-03-15] - Error  : O conteúdo não é permitido no prólogo.
[teste.MontarImpressao] - [2018-03-15] - Error  : O conteúdo não é permitido no prólogo.
[teste.MontarImpressao] - [2018-03-15] - Error  : O conteúdo não é permitido no prólogo.
[teste.MontarImpressao] - [2018-03-15] - Error  : O conteúdo não é permitido no prólogo.
[teste.MontarImpressao] - [2018-03-15] - Error  : O conteúdo não é permitido no prólogo.
[teste.MontarImpressao] - [2018-03-15] - Error  : O conteúdo não é permitido no prólogo.
[teste.MontarImpressao] - [2018-03-15] - Error  : O conteúdo não é permitido no prólogo.
[teste.MontarImpressao] - [2018-03-15] - Error  : O conteúdo não é permitido no prólogo.
[teste.MontarImpressao] - [2018-03-15] - Error  : O conteúdo não é permitido no prólogo.
[teste.MontarImpressao] - [2018-03-15] - Error  : O conteúdo não é permitido no prólogo.
[teste.MontarImpressao] - [2018-03-15] - Error  : O conteúdo não é permitido no prólogo.
[teste.MontarImpressao] - [2018-03-15] - Error  : O conteúdo não é permitido no prólogo.
[teste.MontarImpressao] - [2018-03-15] - Error  : O conteúdo não é permitido no prólogo.
[teste.MontarImpressao] - [2018-03-15] - Error  : O conteúdo não é permitido no prólogo.
[teste.MontarImpressao] - [2018-03-15] - Error  : O conteúdo não é permitido no prólogo.
[teste.MontarImpressao] - [2018-03-15] - Error  : O conteúdo não é permitido no prólogo.
[teste.MontarImpressao] - [2018-03-15] - Error  : O conteúdo não é permitido no prólogo.
[teste.MontarImpressao] - [2018-03-15] - Error  : O conteúdo não é permitido no prólogo.
[teste.MontarImpressao] - [2018-03-15] - Error  : O conteúdo não é permitido no prólogo.
[teste.MontarImpressao] - [2018-03-15] - Error  : O conteúdo não é permitido no prólogo.
[teste.MontarImpressao] - [2018-03-15] - Error  : O conteúdo não é permitido no prólogo.
[teste.MontarImpressao] - [2018-03-15] - Error  : O conteúdo não é permitido no prólogo.
[teste.MontarImpressao] - [2018-03-15] - Error  : O conteúdo não é permitido no prólogo.
[teste.MontarImpressao] - [2018-03-15] - Error  : O conteúdo não é permitido no prólogo.
[teste.MontarImpressao] - [2018-03-15] - Error  : O conteúdo não é permitido no prólogo.
[teste.MontarImpressao] - [2018-03-15] - Error  : O conteúdo não é permitido no prólogo.
[teste.MontarImpressao] - [2018-03-15] - Error  : O conteúdo não é permitido no prólogo.
[teste.MontarImpressao] - [2018-03-15] - Error  : O conteúdo não é permitido no prólogo.
[teste.MontarImpressao] - [2018-03-15] - Error  : O conteúdo não é permitido no prólogo.
[teste.MontarImpressao] - [2018-03-15] - Error  : O conteúdo não é permitido no prólogo.
[teste.MontarImpressao] - [2018-03-15] - Error  : O conteúdo não é permitido no prólogo.
[teste.MontarImpressao] - [2018-03-15] - Error  : O conteúdo não é permitido no prólogo.
[teste.MontarImpressao] - [2018-03-15] - Error  : O conteúdo não é permitido no prólogo.
[teste.MontarImpressao] - [2018-03-15] - Error  : O conteúdo não é permitido no prólogo.
[teste.MontarImpressao] - [2018-03-15] - Error  : O conteúdo não é permitido no prólogo.
[teste.MontarImpressao] - [2018-03-15] - Error  : O conteúdo não é permitido no prólogo.
[teste.MontarImpressao] - [2018-03-15] - Error  : O conteúdo não é permitido no prólogo.
[teste.MontarImpressao] - [2018-03-15] - Error  : O conteúdo não é permitido no prólogo.
[teste.MontarImpressao] - [2018-03-15] - Error  : O conteúdo não é permitido no prólogo.
[teste.MontarImpressao] - [2018-03-15] - Error  : O conteúdo não é permitido no prólogo.
[teste.MontarImpressao] - [2018-03-15] - Error  : O conteúdo não é permitido no prólogo.
[teste.MontarImpressao] - [2018-03-15] - Error  : O conteúdo não é permitido no prólogo.
[teste.MontarImpressao] - [2018-03-15] - Error  : O conteúdo não é permitido no prólogo.
[teste.MontarImpressao] - [2018-03-15] - Error  : O conteúdo não é permitido no prólogo.
[teste.MontarImpressao] - [2018-03-15] - Error  : O conteúdo não é permitido no prólogo.
[teste.MontarImpressao] - [2018-03-15] - Error  : O conteúdo não é permitido no prólogo.
[teste.MontarImpressao] - [2018-03-15] - Error  : O conteúdo não é permitido no prólogo.
[teste.MontarImpressao] - [2018-03-15] - Error  : O conteúdo não é permitido no prólogo.
[teste.MontarImpressao] - [2018-03-15] - Error  : O conteúdo não é permitido no prólogo.
[teste.MontarImpressao] - [2018-03-15] - Error  : O conteúdo não é permitido no prólogo.
[teste.MontarImpressao] - [2018-03-15] - Error  : O conteúdo não é permitido no prólogo.
[teste.MontarImpressao] - [2018-03-15] - Error  : O conteúdo não é permitido no prólogo.
[teste.MontarImpressao] - [2018-03-15] - Error  : O conteúdo não é permitido no prólogo.
[teste.MontarImpressao] - [2018-03-15] - Error  : O conteúdo não é permitido no prólogo.
[teste.MontarImpressao] - [2018-03-15] - Error  : O conteúdo não é permitido no prólogo.
[teste.MontarImpressao] - [2018-03-15] - Error  : O conteúdo não é permitido no prólogo.
[teste.MontarImpressao] - [2018-03-15] - Error  : O conteúdo não é permitido no prólogo.
[teste.MontarImpressao] - [2018-03-15] - Error  : O conteúdo não é permitido no prólogo.
[teste.MontarImpressao] - [2018-03-15] - Error  : O conteúdo não é permitido no prólogo.
[teste.MontarImpressao] - [2018-03-15] - Error  : O conteúdo não é permitido no prólogo.
[teste.MontarImpressao] - [2018-03-15] - Error  : O conteúdo não é permitido no prólogo.
[teste.MontarImpressao] - [2018-03-15] - Error  : O conteúdo não é permitido no prólogo.
[teste.MontarImpressao] - [2018-03-15] - Error  : O conteúdo não é permitido no prólogo.
[teste.MontarImpressao] - [2018-03-15] - Error  : O conteúdo não é permitido no prólogo.
[teste.MontarImpressao] - [2018-03-15] - Error  : O conteúdo não é permitido no prólogo.
[teste.MontarImpressao] - [2018-03-15] - Error  : O conteúdo não é permitido no prólogo.
[teste.MontarImpressao] - [2018-03-15] - Error  : O conteúdo não é permitido no prólogo.
[teste.MontarImpressao] - [2018-03-15] - Error  : O conteúdo não é permitido no prólogo.
[teste.MontarImpressao] - [2018-03-15] - Error  : O conteúdo não é permitido no prólogo.
[teste.MontarImpressao] - [2018-03-15] - Error  : O conteúdo não é permitido no prólogo.
[teste.MontarImpressao] - [2018-03-15] - Error  : O conteúdo não é permitido no prólogo.
[teste.MontarImpressao] - [2018-03-15] - Error  : O conteúdo não é permitido no prólogo.
[teste.MontarImpressao] - [2018-03-15] - Error  : O conteúdo não é permitido no prólogo.
[teste.MontarImpressao] - [2018-03-15] - Error  : O conteúdo não é permitido no prólogo.
[teste.MontarImpressao] - [2018-03-15] - Error  : O conteúdo não é permitido no prólogo.
[teste.MontarImpressao] - [2018-03-15] - Error  : O conteúdo não é permitido no prólogo.
[teste.MontarImpressao] - [2018-03-15] - Error  : O conteúdo não é permitido no prólogo.
[teste.MontarImpressao] - [2018-03-15] - Error  : O conteúdo não é permitido no prólogo.
[teste.MontarImpressao] - [2018-03-15] - Error  : O conteúdo não é permitido no prólogo.
[teste.MontarImpressao] - [2018-03-15] - Error  : O conteúdo não é permitido no prólogo.
[teste.MontarImpressao] - [2018-03-15] - Error  : O conteúdo não é permitido no prólogo.
[teste.MontarImpressao] - [2018-03-15] - Error  : O conteúdo não é permitido no prólogo.
[teste.MontarImpressao] - [2018-03-15] - Error  : O conteúdo não é permitido no prólogo.
[teste.MontarImpressao] - [2018-03-15] - Error  : O conteúdo não é permitido no prólogo.
[teste.MontarImpressao] - [2018-03-15] - Error  : O conteúdo não é permitido no prólogo.
[teste.MontarImpressao] - [2018-03-15] - Error  : O conteúdo não é permitido no prólogo.
[teste.MontarImpressao] - [2018-03-15] - Error  : O conteúdo não é permitido no prólogo.
[teste.MontarImpressao] - [2018-03-15] - Error  : O conteúdo não é permitido no prólogo.
[teste.MontarImpressao] - [2018-03-15] - Error  : O conteúdo não é permitido no prólogo.
[teste.MontarImpressao] - [2018-03-15] - Error  : O conteúdo não é permitido no prólogo.
[teste.MontarImpressao] - [2018-03-15] - Error  : O conteúdo não é permitido no prólogo.
[teste.MontarImpressao] - [2018-03-15] - Error  : O conteúdo não é permitido no prólogo.
[teste.MontarImpressao] - [2018-03-15] - Error  : O conteúdo não é permitido no prólogo.
[teste.MontarImpressao] - [2018-03-15] - Error  : O conteúdo não é permitido no prólogo.
[teste.MontarImpressao] - [2018-03-15] - Error  : O conteúdo não é permitido no prólogo.
[teste.MontarImpressao] - [2018-03-15] - Error  : O conteúdo não é permitido no prólogo.
[teste.MontarImpressao] - [2018-03-15] - Error  : O conteúdo não é permitido no prólogo.
[teste.MontarImpressao] - [2018-03-15] - Error  : O conteúdo não é permitido no prólogo.
[teste.MontarImpressao] - [2018-03-15] - Error  : O conteúdo não é permitido no prólogo.
[teste.MontarImpressao] - [2018-03-15] - Error  : O conteúdo não é permitido no prólogo.
[teste.MontarImpressao] - [2018-03-15] - Error  : O conteúdo não é permitido no prólogo.
[teste.MontarImpressao] - [2018-03-15] - Error  : O conteúdo não é permitido no prólogo.
[teste.MontarImpressao] - [2018-03-19] - Error  : O conteúdo não é permitido no prólogo.
[com.br.impressora.Logomarca] - [2018-03-22] - Erro : Can't read input file!
[com.br.impressora.MontarImpressaoElgin] - [2018-03-22] - Error  : C:\IGESTAO_PDV\IGESTAO_NFCE\ENVIAR\nfce_0_xml.xml (O sistema não pode encontrar o caminho especificado)
[com.br.impressora.MontarImpressaoElgin] - [2018-03-22] - Error  : C:\IGESTAO_PDV\IGESTAO_NFCE\ENVIAR\nfce_0_xml.xml (O sistema não pode encontrar o caminho especificado)
[com.br.impressora.MontarImpressaoElgin] - [2018-03-22] - Error  : C:\IGESTAO_PDV\IGESTAO_NFCE\ENVIAR\nfce_0_xml.xml (O sistema não pode encontrar o caminho especificado)
[com.br.impressora.Logomarca] - [2018-03-26] - Erro : Can't read input file!
[com.br.impressora.Logomarca] - [2018-03-26] - Erro : Can't read input file!
[com.br.impressora.Logomarca] - [2018-03-26] - Erro : Can't read input file!
[com.br.impressora.Logomarca] - [2018-03-26] - Erro : Can't read input file!
[com.br.impressora.Logomarca] - [2018-03-26] - Erro : Can't read input file!
[com.br.impressora.Logomarca] - [2018-03-26] - Erro : Can't read input file!
[com.br.impressora.Logomarca] - [2018-03-26] - Erro : Can't read input file!
[com.br.impressora.Logomarca] - [2018-03-26] - Erro : Can't read input file!
[com.br.impressora.Logomarca] - [2018-03-26] - Erro : Can't read input file!
[com.br.impressora.Logomarca] - [2018-03-26] - Erro : Can't read input file!
[com.br.impressora.Logomarca] - [2018-03-26] - Erro : Can't read input file!
[com.br.impressora.Logomarca] - [2018-03-26] - Erro : Can't read input file!
[com.br.impressora.Logomarca] - [2018-03-26] - Erro : Can't read input file!
[com.br.impressora.Logomarca] - [2018-03-26] - Erro : Can't read input file!
[com.br.impressora.Logomarca] - [2018-03-26] - Erro : Can't read input file!
[com.br.impressora.Logomarca] - [2018-03-26] - Erro : Can't read input file!
[com.br.impressora.Logomarca] - [2018-03-26] - Erro : Can't read input file!
[com.br.impressora.MontarImpressaoElgin] - [2018-03-26] - Error  : D:\workspace-eclipse\IGestao_nfce\imprimir\ENVIAR\nfce_0_xml.xml (O sistema não pode encontrar o caminho especificado)
[com.br.impressora.Logomarca] - [2018-03-26] - Erro : Can't read input file!
[com.br.impressora.Logomarca] - [2018-03-26] - Erro : Can't read input file!
[com.br.impressora.Logomarca] - [2018-03-26] - Erro : Can't read input file!
[com.br.impressora.Logomarca] - [2018-03-26] - Erro : Can't read input file!
[com.br.impressora.Logomarca] - [2018-03-26] - Erro : Can't read input file!
[com.br.impressora.Logomarca] - [2018-03-26] - Erro : Can't read input file!
[com.br.impressora.Logomarca] - [2018-03-26] - Erro : Can't read input file!
[com.br.impressora.Logomarca] - [2018-03-26] - Erro : Can't read input file!
[com.br.impressora.Logomarca] - [2018-03-26] - Erro : Can't read input file!
[com.br.impressora.Logomarca] - [2018-03-26] - Erro : Can't read input file!
[com.br.impressora.Logomarca] - [2018-03-26] - Erro : Can't read input file!
[com.br.impressora.Logomarca] - [2018-03-26] - Erro : Can't read input file!
[com.br.impressora.Logomarca] - [2018-03-26] - Erro : Can't read input file!
[com.br.impressora.Logomarca] - [2018-03-26] - Erro : Can't read input file!
[com.br.impressora.Logomarca] - [2018-03-26] - Erro : Can't read input file!
[com.br.impressora.Logomarca] - [2018-03-26] - Erro : Can't read input file!
[com.br.impressora.Logomarca] - [2018-03-26] - Erro : Can't read input file!
[com.br.impressora.Logomarca] - [2018-03-26] - Erro : Can't read input file!
[com.br.impressora.MontarImpressaoElgin] - [2018-04-04] - Error  : C:\IGESTAO_PDV\IGESTAO_NFCE\ENVIAR\nfce_0_xml.xml (O sistema não pode encontrar o caminho especificado)
[com.br.impressora.MontarImpressaoElgin] - [2018-04-04] - Error  : C:\IGESTAO_PDV\IGESTAO_NFCE\ENVIAR\nfce_0_xml.xml (O sistema não pode encontrar o caminho especificado)
[com.br.impressora.MontarImpressaoElgin] - [2018-04-04] - Error  : C:\IGESTAO_PDV\IGESTAO_NFCE\ENVIAR\nfce_0_xml.xml (O sistema não pode encontrar o caminho especificado)
[com.br.impressora.MontarImpressaoElgin] - [2018-04-04] - Error  : C:\IGESTAO_PDV\IGESTAO_NFCE\ENVIAR\nfce_0_xml.xml (O sistema não pode encontrar o caminho especificado)
[com.br.impressora.MontarImpressaoElgin] - [2018-04-04] - Error  : C:\IGESTAO_PDV\IGESTAO_NFCE\ENVIAR\nfce_0_xml.xml (O sistema não pode encontrar o caminho especificado)
[com.br.impressora.MontarImpressaoElgin] - [2018-04-04] - Error  : C:\IGESTAO_PDV\IGESTAO_NFCE\ENVIAR\nfce_0_xml.xml (O sistema não pode encontrar o caminho especificado)
[com.br.impressora.MontarImpressaoElgin] - [2018-04-04] - Error  : C:\IGESTAO_PDV\IGESTAO_NFCE\ENVIAR\nfce_0_xml.xml (O sistema não pode encontrar o caminho especificado)
[com.br.impressora.MontarImpressaoElgin] - [2018-04-04] - Error  : C:\IGESTAO_PDV\IGESTAO_NFCE\ENVIAR\nfce_0_xml.xml (O sistema não pode encontrar o caminho especificado)
[com.br.impressora.MontarImpressaoElgin] - [2018-04-04] - Error  : C:\IGESTAO_PDV\IGESTAO_NFCE\ENVIAR\nfce_0_xml.xml (O sistema não pode encontrar o caminho especificado)
[com.br.impressora.MontarImpressaoElgin] - [2018-04-04] - Error  : C:\IGESTAO_PDV\IGESTAO_NFCE\ENVIAR\nfce_0_xml.xml (O sistema não pode encontrar o caminho especificado)
[com.br.impressora.Logomarca] - [2018-04-04] - Erro : Can't read input file!
[com.br.impressora.Logomarca] - [2018-04-04] - Erro : Can't read input file!
[com.br.impressora.Logomarca] - [2018-04-04] - Erro : Can't read input file!
[com.br.impressora.Logomarca] - [2018-04-04] - Erro : Can't read input file!
[com.br.impressora.Logomarca] - [2018-04-04] - Erro : Can't read input file!
[com.br.impressora.Logomarca] - [2018-04-04] - Erro : Can't read input file!
[com.br.impressora.Logomarca] - [2018-04-04] - Erro : Can't read input file!
[com.br.impressora.Logomarca] - [2018-04-04] - Erro : Can't read input file!
[com.br.impressora.Logomarca] - [2018-04-04] - Erro : Can't read input file!
[com.br.impressora.MontarImpressaoElgin] - [2018-04-13] - Error  : D:\workspace-eclipse\IGestao_nfce\ENVIAR\nfce_0_xml.xml (O sistema não pode encontrar o caminho especificado)
[com.br.impressora.MontarImpressaoElgin] - [2018-04-13] - Error  : D:\workspace-eclipse\IGestao_nfce\ENVIAR\nfce_0_xml.xml (O sistema não pode encontrar o caminho especificado)
[com.br.impressora.MontarImpressaoElgin] - [2018-04-13] - Error  : D:\workspace-eclipse\IGestao_nfce\ENVIAR\nfce_0_xml.xml (O sistema não pode encontrar o caminho especificado)
[com.br.impressora.MontarImpressaoElgin] - [2018-04-13] - Error  : D:\workspace-eclipse\IGestao_nfce\ENVIAR\nfce_0_xml.xml (O sistema não pode encontrar o caminho especificado)
[com.br.impressora.MontarImpressaoElgin] - [2018-04-13] - Error  : D:\workspace-eclipse\IGestao_nfce\ENVIAR\nfce_0_xml.xml (O sistema não pode encontrar o caminho especificado)
[com.br.impressora.MontarImpressaoElgin] - [2018-04-13] - Error  : D:\workspace-eclipse\IGestao_nfce\ENVIAR\nfce_0_xml.xml (O sistema não pode encontrar o caminho especificado)
[com.br.impressora.Logomarca] - [2018-04-13] - Erro : Can't read input file!
[com.br.impressora.Logomarca] - [2018-04-13] - Erro : Can't read input file!
[com.br.impressora.Logomarca] - [2018-04-13] - Erro : Can't read input file!
[com.br.impressora.Logomarca] - [2018-04-13] - Erro : Can't read input file!
[com.br.impressora.Logomarca] - [2018-04-13] - Erro : Can't read input file!
[com.br.impressora.Logomarca] - [2018-04-13] - Erro : Can't read input file!
[com.br.impressora.Logomarca] - [2018-04-17] - Erro : Can't read input file!
[com.br.impressora.Logomarca] - [2018-04-17] - Erro : Can't read input file!
[com.br.impressora.Logomarca] - [2018-04-17] - Erro : Can't read input file!